<?xml version="1.0" encoding="UTF-8"?>
<!-- Generated by org.testng.reporters.JUnitXMLReporter -->
<testsuite ignored="0" hostname="dell" failures="0" tests="3" name="Default test" time="7.149" errors="0" timestamp="2025-08-10T13:20:25 IST">
  <testcase classname="test.BasicValidation" name="WelcomeMessageValidation" time="0.087"/>
  <testcase classname="test.BasicValidation" name="emailTextBoxPlaceholderValidation" time="0.034"/>
  <testcase classname="test.BasicValidation" name="passwordTextBoxPlaceholderValidation" time="0.026"/>
</testsuite> <!-- Default test -->
