<?xml version="1.0" encoding="UTF-8"?>
<testng-results ignored="0" total="3" passed="3" failed="0" skipped="0">
  <reporter-output>
    <line>
      <![CDATA[Expected Result=Facebook helps you connect and share with the people in your life.]]>
    </line>
    <line>
      <![CDATA[Actual Result=Facebook helps you connect and share with the people in your life.]]>
    </line>
    <line>
      <![CDATA[Expected Result =  Email address or phone number]]>
    </line>
    <line>
      <![CDATA[Actual Result = Email address or phone number]]>
    </line>
    <line>
      <![CDATA[Expected Result =  Password]]>
    </line>
    <line>
      <![CDATA[Actual Result = Password]]>
    </line>
  </reporter-output>
  <suite started-at="2025-08-10T13:25:36 IST" name="RegressionSuite" finished-at="2025-08-10T13:25:40 IST" duration-ms="3784">
    <groups>
    </groups>
    <test started-at="2025-08-10T13:25:36 IST" name="RegressionTest" finished-at="2025-08-10T13:25:40 IST" duration-ms="3784">
      <class name="test.BasicValidation">
        <test-method is-config="true" signature="setup()[pri:0, instance:test.BasicValidation@304bb45b]" started-at="2025-08-10T13:25:36 IST" name="setup" finished-at="2025-08-10T13:25:39 IST" duration-ms="3115" status="PASS">
          <reporter-output>
          </reporter-output>
        </test-method> <!-- setup -->
        <test-method signature="WelcomeMessageValidation()[pri:0, instance:test.BasicValidation@304bb45b]" started-at="2025-08-10T13:25:39 IST" name="WelcomeMessageValidation" finished-at="2025-08-10T13:25:39 IST" duration-ms="107" status="PASS">
          <reporter-output>
            <line>
              <![CDATA[Expected Result=Facebook helps you connect and share with the people in your life.]]>
            </line>
            <line>
              <![CDATA[Actual Result=Facebook helps you connect and share with the people in your life.]]>
            </line>
          </reporter-output>
        </test-method> <!-- WelcomeMessageValidation -->
        <test-method signature="emailTextBoxPlaceholderValidation()[pri:0, instance:test.BasicValidation@304bb45b]" started-at="2025-08-10T13:25:39 IST" name="emailTextBoxPlaceholderValidation" finished-at="2025-08-10T13:25:40 IST" duration-ms="37" status="PASS">
          <reporter-output>
            <line>
              <![CDATA[Expected Result =  Email address or phone number]]>
            </line>
            <line>
              <![CDATA[Actual Result = Email address or phone number]]>
            </line>
          </reporter-output>
        </test-method> <!-- emailTextBoxPlaceholderValidation -->
        <test-method signature="passwordTextBoxPlaceholderValidation()[pri:0, instance:test.BasicValidation@304bb45b]" started-at="2025-08-10T13:25:40 IST" name="passwordTextBoxPlaceholderValidation" finished-at="2025-08-10T13:25:40 IST" duration-ms="56" status="PASS">
          <reporter-output>
            <line>
              <![CDATA[Expected Result =  Password]]>
            </line>
            <line>
              <![CDATA[Actual Result = Password]]>
            </line>
          </reporter-output>
        </test-method> <!-- passwordTextBoxPlaceholderValidation -->
        <test-method is-config="true" signature="teardown()[pri:0, instance:test.BasicValidation@304bb45b]" started-at="2025-08-10T13:25:40 IST" name="teardown" finished-at="2025-08-10T13:25:40 IST" duration-ms="274" status="PASS">
          <reporter-output>
          </reporter-output>
        </test-method> <!-- teardown -->
      </class> <!-- test.BasicValidation -->
    </test> <!-- RegressionTest -->
  </suite> <!-- RegressionSuite -->
</testng-results>
