<?xml version="1.0" encoding="UTF-8"?>
<!-- Generated by org.testng.reporters.JUnitXMLReporter -->
<testsuite ignored="0" hostname="dell" failures="0" tests="3" name="RegressionTest" time="3.784" errors="0" timestamp="2025-08-10T13:25:40 IST">
  <testcase classname="test.BasicValidation" name="WelcomeMessageValidation" time="0.107"/>
  <testcase classname="test.BasicValidation" name="emailTextBoxPlaceholderValidation" time="0.037"/>
  <testcase classname="test.BasicValidation" name="passwordTextBoxPlaceholderValidation" time="0.056"/>
</testsuite> <!-- RegressionTest -->
